Using pre-set license

 COMMAND LINE ARGUMENTS:
/Applications/Unity/Hub/Editor/2020.3.7f1/Unity.app/Contents/MacOS/Unity
-adb2
-batchMode
-noUpm
-name
AssetImportWorker0
-projectPath
/Users/ronny/Projects/Study/Unity/Matrix Code Rain
-logFile
Logs/AssetImportWorker0.log
-srvPort
56176
Successfully changed project path to: /Users/ronny/Projects/Study/Unity/Matrix Code Rain
/Users/ronny/Projects/Study/Unity/Matrix Code Rain
Using Asset Import Pipeline V2.
Refreshing native plugins compatible for Editor in 80.55 ms, found 2 plugins.
Preloading 0 native plugins for Editor in 0.00 ms.
Initialize engine version: 2020.3.7f1 (dd97f2c94397)
[Subsystems] Discovering subsystems at path /Applications/Unity/Hub/Editor/2020.3.7f1/Unity.app/Contents/Resources/UnitySubsystems
[Subsystems] Discovering subsystems at path /Users/ronny/Projects/Study/Unity/Matrix Code Rain/Assets
GfxDevice: creating device client; threaded=0
2021-07-06 23:57:40.819 Unity[26333:7348626] Color LCD preferred device: Intel(R) Iris(TM) Graphics 550 (low power)
2021-07-06 23:57:40.819 Unity[26333:7348626] Metal devices available: 1
2021-07-06 23:57:40.819 Unity[26333:7348626] 0: Intel(R) Iris(TM) Graphics 550 (low power)
2021-07-06 23:57:40.819 Unity[26333:7348626] Using device Intel(R) Iris(TM) Graphics 550 (low power)
Initializing Metal device caps: Intel(R) Iris(TM) Graphics 550
Initialize mono
Mono path[0] = '/Applications/Unity/Hub/Editor/2020.3.7f1/Unity.app/Contents/Managed'
Mono path[1] = '/Applications/Unity/Hub/Editor/2020.3.7f1/Unity.app/Contents/MonoBleedingEdge/lib/mono/unityjit'
Mono config path = '/Applications/Unity/Hub/Editor/2020.3.7f1/Unity.app/Contents/MonoBleedingEdge/etc'
Using monoOptions --debugger-agent=transport=dt_socket,embedding=1,server=y,suspend=n,address=127.0.0.1:56333
Begin MonoManager ReloadAssembly
Registering precompiled unity dll's ...
Register platform support module: /Applications/Unity/Hub/Editor/2020.3.7f1/PlaybackEngines/WebGLSupport/UnityEditor.WebGL.Extensions.dll
Register platform support module: /Applications/Unity/Hub/Editor/2020.3.7f1/Unity.app/Contents/PlaybackEngines/MacStandaloneSupport/UnityEditor.OSXStandalone.Extensions.dll
Registered in 0.004381 seconds.
Native extension for OSXStandalone target not found
Native extension for WebGL target not found
Refreshing native plugins compatible for Editor in 66.39 ms, found 2 plugins.
Preloading 0 native plugins for Editor in 0.00 ms.
Mono: successfully reloaded assembly
- Completed reload, in  2.595 seconds
Platform modules already initialized, skipping
Registering precompiled user dll's ...
Registered in 0.001964 seconds.
Begin MonoManager ReloadAssembly
Native extension for OSXStandalone target not found
Native extension for WebGL target not found
Refreshing native plugins compatible for Editor in 53.67 ms, found 2 plugins.
Preloading 0 native plugins for Editor in 0.00 ms.
Mono: successfully reloaded assembly
- Completed reload, in  1.947 seconds
Platform modules already initialized, skipping
========================================================================
Worker process is ready to serve import requests
Launching external process: /Applications/Unity/Hub/Editor/2020.3.7f1/Unity.app/Contents/Tools/UnityShaderCompiler
Launched and connected shader compiler UnityShaderCompiler after 0.05 seconds
Refreshing native plugins compatible for Editor in 0.66 ms, found 2 plugins.
Preloading 0 native plugins for Editor in 0.00 ms.
Unloading 1808 Unused Serialized files (Serialized files now loaded: 0)
System memory in use before: 144.6 MB.
System memory in use after: 144.5 MB.

Unloading 24 unused Assets to reduce memory usage. Loaded Objects now: 2250.
Total: 3.033788 ms (FindLiveObjects: 0.256612 ms CreateObjectMapping: 0.094504 ms MarkObjects: 2.497559 ms  DeleteObjects: 0.183241 ms)

========================================================================
Received Import Request.
  path: Assets/Scenes/MainScene.unity
  artifactKey: Guid(2cda990e2423bbf4892e6590ba056729) Importer(815301076,1909f56bfc062723c751e8b465ee728b)
Start importing Assets/Scenes/MainScene.unity using Guid(2cda990e2423bbf4892e6590ba056729) Importer(815301076,1909f56bfc062723c751e8b465ee728b)  -> (artifact id: 'b45c3e1a0d7cdce8095581a40836442d') in 0.017051 seconds
  Import took 0.027502 seconds .

========================================================================
Received Import Request.
  Time since last request: 7.014468 seconds.
  path: Assets/Scenes/Scripts
  artifactKey: Guid(d391765f8aef643bd8571fe541b28a04) Importer(815301076,1909f56bfc062723c751e8b465ee728b)
Start importing Assets/Scenes/Scripts using Guid(d391765f8aef643bd8571fe541b28a04) Importer(815301076,1909f56bfc062723c751e8b465ee728b)  -> (artifact id: 'dcd3742936cd6aa8b2ea64dedf890ea9') in 0.004062 seconds
  Import took 0.011040 seconds .

========================================================================
Received Import Request.
  Time since last request: 11.906820 seconds.
  path: Assets/Scripts
  artifactKey: Guid(d6f34d49a288b4cf4a7eda718d57e512) Importer(815301076,1909f56bfc062723c751e8b465ee728b)
Start importing Assets/Scripts using Guid(d6f34d49a288b4cf4a7eda718d57e512) Importer(815301076,1909f56bfc062723c751e8b465ee728b)  -> (artifact id: '65acca2f8334696836e3623cd3c2e928') in 0.003623 seconds
  Import took 0.017238 seconds .

========================================================================
Received Import Request.
  Time since last request: 283.907335 seconds.
  path: Assets/Prefab
  artifactKey: Guid(2f61fa753b66840c0b2cb45e6e044ef9) Importer(815301076,1909f56bfc062723c751e8b465ee728b)
Start importing Assets/Prefab using Guid(2f61fa753b66840c0b2cb45e6e044ef9) Importer(815301076,1909f56bfc062723c751e8b465ee728b)  -> (artifact id: 'b52cd42355f17d947eb4d6d453c1c82e') in 0.005376 seconds
  Import took 0.011040 seconds .

========================================================================
Received Import Request.
  Time since last request: 6.217198 seconds.
  path: Assets/Prefabs
  artifactKey: Guid(2f61fa753b66840c0b2cb45e6e044ef9) Importer(815301076,1909f56bfc062723c751e8b465ee728b)
Start importing Assets/Prefabs using Guid(2f61fa753b66840c0b2cb45e6e044ef9) Importer(815301076,1909f56bfc062723c751e8b465ee728b)  -> (artifact id: 'b50a6754a74136169e8910bbe7641b6e') in 0.003396 seconds
  Import took 0.010817 seconds .

========================================================================
Received Import Request.
  Time since last request: 132.407497 seconds.
  path: Assets/Scripts/GameManager.cs
  artifactKey: Guid(06d9535eca5e249aab6487c1f6826d12) Importer(815301076,1909f56bfc062723c751e8b465ee728b)
Start importing Assets/Scripts/GameManager.cs using Guid(06d9535eca5e249aab6487c1f6826d12) Importer(815301076,1909f56bfc062723c751e8b465ee728b)  -> (artifact id: '981542685e204f01d1bf115c8dc26f24') in 0.795840 seconds
  Import took 0.830508 seconds .

========================================================================
Received Prepare
Registering precompiled user dll's ...
Registered in 0.001239 seconds.
Begin MonoManager ReloadAssembly
Native extension for OSXStandalone target not found
Native extension for WebGL target not found
Refreshing native plugins compatible for Editor in 0.76 ms, found 2 plugins.
Preloading 0 native plugins for Editor in 0.00 ms.
Mono: successfully reloaded assembly
- Completed reload, in  2.126 seconds
Platform modules already initialized, skipping
Refreshing native plugins compatible for Editor in 0.42 ms, found 2 plugins.
Preloading 0 native plugins for Editor in 0.00 ms.
Unloading 1804 Unused Serialized files (Serialized files now loaded: 0)
System memory in use before: 149.1 MB.
System memory in use after: 149.0 MB.

Unloading 12 unused Assets to reduce memory usage. Loaded Objects now: 2255.
Total: 2.926762 ms (FindLiveObjects: 0.411017 ms CreateObjectMapping: 0.185992 ms MarkObjects: 2.198778 ms  DeleteObjects: 0.129450 ms)

========================================================================
Received Prepare
Registering precompiled user dll's ...
Registered in 0.001117 seconds.
Begin MonoManager ReloadAssembly
Native extension for OSXStandalone target not found
Native extension for WebGL target not found
Refreshing native plugins compatible for Editor in 0.42 ms, found 2 plugins.
Preloading 0 native plugins for Editor in 0.00 ms.
Mono: successfully reloaded assembly
- Completed reload, in  1.442 seconds
Platform modules already initialized, skipping
Refreshing native plugins compatible for Editor in 0.45 ms, found 2 plugins.
Preloading 0 native plugins for Editor in 0.00 ms.
Unloading 1804 Unused Serialized files (Serialized files now loaded: 0)
System memory in use before: 149.3 MB.
System memory in use after: 149.3 MB.

Unloading 12 unused Assets to reduce memory usage. Loaded Objects now: 2259.
Total: 3.161703 ms (FindLiveObjects: 0.585428 ms CreateObjectMapping: 0.149897 ms MarkObjects: 2.217330 ms  DeleteObjects: 0.207156 ms)

========================================================================
Received Prepare
Refreshing native plugins compatible for Editor in 1.35 ms, found 2 plugins.
Preloading 0 native plugins for Editor in 0.00 ms.
Unloading 10 Unused Serialized files (Serialized files now loaded: 0)
System memory in use before: 114.0 MB.
System memory in use after: 113.9 MB.

Unloading 10 unused Assets to reduce memory usage. Loaded Objects now: 2259.
Total: 4.699347 ms (FindLiveObjects: 0.551238 ms CreateObjectMapping: 0.192272 ms MarkObjects: 3.742866 ms  DeleteObjects: 0.206481 ms)

========================================================================
Received Import Request.
  Time since last request: 899.825371 seconds.
  path: Assets
  artifactKey: Guid(00000000000000001000000000000000) Importer(815301076,1909f56bfc062723c751e8b465ee728b)
Start importing Assets using Guid(00000000000000001000000000000000) Importer(815301076,1909f56bfc062723c751e8b465ee728b)  -> (artifact id: '5f6a1853b736837ecfb0820a881449cb') in 0.004450 seconds
  Import took 0.009881 seconds .

========================================================================
Received Import Request.
  Time since last request: 6.528796 seconds.
  path: Assets/Fonts
  artifactKey: Guid(24eb71e2884e945d7a0c123790c24586) Importer(815301076,1909f56bfc062723c751e8b465ee728b)
Start importing Assets/Fonts using Guid(24eb71e2884e945d7a0c123790c24586) Importer(815301076,1909f56bfc062723c751e8b465ee728b)  -> (artifact id: 'ad05032211f001c1e8f2e9a44099fb86') in 0.003585 seconds
  Import took 0.011076 seconds .

========================================================================
Received Import Request.
  Time since last request: 7.489117 seconds.
  path: Assets/Music
  artifactKey: Guid(d97307d6de5df4c07a653be93b534b1d) Importer(815301076,1909f56bfc062723c751e8b465ee728b)
Start importing Assets/Music using Guid(d97307d6de5df4c07a653be93b534b1d) Importer(815301076,1909f56bfc062723c751e8b465ee728b)  -> (artifact id: 'f489695faa6969d63169842cbf7399c3') in 0.004761 seconds
  Import took 0.010287 seconds .

========================================================================
Received Import Request.
  Time since last request: 2742.920852 seconds.
  path: Assets/Gfx
  artifactKey: Guid(996346281c98d4dbebb4afba498d9c23) Importer(815301076,1909f56bfc062723c751e8b465ee728b)
Start importing Assets/Gfx using Guid(996346281c98d4dbebb4afba498d9c23) Importer(815301076,1909f56bfc062723c751e8b465ee728b)  -> (artifact id: 'ae1491e0a01f9bb2dcdb2cc2c5a23058') in 0.025862 seconds
  Import took 0.229757 seconds .

========================================================================
Received Import Request.
  Time since last request: 17.555829 seconds.
  path: Assets/Gfx/matrix-letters.png
  artifactKey: Guid(b5c5399ba029f4af7b736899c9ac3b64) Importer(815301076,1909f56bfc062723c751e8b465ee728b)
Start importing Assets/Gfx/matrix-letters.png using Guid(b5c5399ba029f4af7b736899c9ac3b64) Importer(815301076,1909f56bfc062723c751e8b465ee728b)  -> (artifact id: 'abce6136a61aa4953c6441d6ddfa8142') in 1.409704 seconds
  Import took 1.415562 seconds .

========================================================================
Received Import Request.
  Time since last request: 4.080627 seconds.
  path: Assets/Scenes
  artifactKey: Guid(67ab21521850a4228b893c83137f75fe) Importer(815301076,1909f56bfc062723c751e8b465ee728b)
Start importing Assets/Scenes using Guid(67ab21521850a4228b893c83137f75fe) Importer(815301076,1909f56bfc062723c751e8b465ee728b)  -> (artifact id: '8b28975eb8fb868b8d0b6071287db38d') in 0.001885 seconds
  Import took 0.006115 seconds .

========================================================================
Received Import Request.
  Time since last request: 32.473686 seconds.
  path: Assets/Gfx/matrix-letters.png
  artifactKey: Guid(b5c5399ba029f4af7b736899c9ac3b64) Importer(815301076,1909f56bfc062723c751e8b465ee728b)
Start importing Assets/Gfx/matrix-letters.png using Guid(b5c5399ba029f4af7b736899c9ac3b64) Importer(815301076,1909f56bfc062723c751e8b465ee728b)  -> (artifact id: '5e0bed93f8bf141cc2b92dfdaf862812') in 0.013850 seconds
  Import took 0.020061 seconds .

========================================================================
Received Import Request.
  Time since last request: 0.024086 seconds.
  path: Assets/Gfx/matrix-letters.png
  artifactKey: Guid(b5c5399ba029f4af7b736899c9ac3b64) Importer(815301076,1909f56bfc062723c751e8b465ee728b)
Start importing Assets/Gfx/matrix-letters.png using Guid(b5c5399ba029f4af7b736899c9ac3b64) Importer(815301076,1909f56bfc062723c751e8b465ee728b)  -> (artifact id: '5e0bed93f8bf141cc2b92dfdaf862812') in 0.020791 seconds
  Import took 0.027739 seconds .

========================================================================
Received Import Request.
  Time since last request: 13.361355 seconds.
  path: Assets/Gfx/matrix-letters.png
  artifactKey: Guid(b5c5399ba029f4af7b736899c9ac3b64) Importer(815301076,1909f56bfc062723c751e8b465ee728b)
Start importing Assets/Gfx/matrix-letters.png using Guid(b5c5399ba029f4af7b736899c9ac3b64) Importer(815301076,1909f56bfc062723c751e8b465ee728b)  -> (artifact id: '268c521868e3a6b8c826e6980af696e0') in 0.127960 seconds
  Import took 0.132895 seconds .

========================================================================
Received Import Request.
  Time since last request: 65.801060 seconds.
  path: Assets/Gfx/matrix-letters.png
  artifactKey: Guid(b5c5399ba029f4af7b736899c9ac3b64) Importer(815301076,1909f56bfc062723c751e8b465ee728b)
Start importing Assets/Gfx/matrix-letters.png using Guid(b5c5399ba029f4af7b736899c9ac3b64) Importer(815301076,1909f56bfc062723c751e8b465ee728b)  -> (artifact id: 'e398890680497db419640a5196d789a7') in 0.223477 seconds
  Import took 0.229035 seconds .

========================================================================
Received Import Request.
  Time since last request: 274.845179 seconds.
  path: Assets/Gfx/matrix-letters.png
  artifactKey: Guid(b5c5399ba029f4af7b736899c9ac3b64) Importer(815301076,1909f56bfc062723c751e8b465ee728b)
Start importing Assets/Gfx/matrix-letters.png using Guid(b5c5399ba029f4af7b736899c9ac3b64) Importer(815301076,1909f56bfc062723c751e8b465ee728b)  -> (artifact id: '72e4cde7598515b5d24f31d00ca841e5') in 0.133647 seconds
  Import took 0.139233 seconds .

